2014-12-01 23:15:09 Error: [NotFoundException] Not Found
Request URL: /balbuzard/
Stack Trace:
#0 /var/www/balbuzard/lib/Cake/View/View.php(948): include()
#1 /var/www/balbuzard/lib/Cake/View/View.php(910): View->_evaluate('/var/www/balbuz...', Array)
#2 /var/www/balbuzard/lib/Cake/View/View.php(471): View->_render('/var/www/balbuz...')
#3 /var/www/balbuzard/lib/Cake/Controller/Controller.php(954): View->render('home', NULL)
#4 /var/www/balbuzard/app/Controller/PagesController.php(68): Controller->render('home')
#5 [internal function]: PagesController->display('home')
#6 /var/www/balbuzard/lib/Cake/Controller/Controller.php(490): ReflectionMethod->invokeArgs(Object(PagesController), Array)
#7 /var/www/balbuzard/lib/Cake/Routing/Dispatcher.php(191): Controller->invokeAction(Object(CakeRequest))
#8 /var/www/balbuzard/lib/Cake/Routing/Dispatcher.php(165): Dispatcher->_invoke(Object(PagesController), Object(CakeRequest))
#9 /var/www/balbuzard/app/webroot/index.php(108): Dispatcher->dispatch(Object(CakeRequest), Object(CakeResponse))
#10 /var/www/balbuzard/index.php(41): require('/var/www/balbuz...')
#11 {main}
2014-12-01 23:18:51 Error: [MissingControllerException] Controller class BalbuzardController could not be found.
Exception Attributes: array (
  'class' => 'BalbuzardController',
  'plugin' => NULL,
)
Request URL: /balbuzard/index.php/balbuzard/
Stack Trace:
#0 /var/www/balbuzard/app/webroot/index.php(108): Dispatcher->dispatch(Object(CakeRequest), Object(CakeResponse))
#1 /var/www/balbuzard/index.php(41): require('/var/www/balbuz...')
#2 {main}
2014-12-01 23:19:42 Error: [MissingControllerException] Controller class ControllernameController could not be found.
Exception Attributes: array (
  'class' => 'ControllernameController',
  'plugin' => NULL,
)
Request URL: /balbuzard/index.php/controllername/actionname/param
Stack Trace:
#0 /var/www/balbuzard/app/webroot/index.php(108): Dispatcher->dispatch(Object(CakeRequest), Object(CakeResponse))
#1 /var/www/balbuzard/index.php(41): require('/var/www/balbuz...')
#2 {main}
2014-12-01 23:29:40 Error: [MissingControllerException] Controller class PostsControllerController could not be found.
Exception Attributes: array (
  'class' => 'PostsControllerController',
  'plugin' => NULL,
)
Request URL: /balbuzard/index.php/posts_controller/index
Stack Trace:
#0 /var/www/balbuzard/app/webroot/index.php(108): Dispatcher->dispatch(Object(CakeRequest), Object(CakeResponse))
#1 /var/www/balbuzard/index.php(41): require('/var/www/balbuz...')
#2 {main}
2014-12-01 23:29:44 Error: [MissingControllerException] Controller class PostscontrollerController could not be found.
Exception Attributes: array (
  'class' => 'PostscontrollerController',
  'plugin' => NULL,
)
Request URL: /balbuzard/index.php/postscontroller/index
Stack Trace:
#0 /var/www/balbuzard/app/webroot/index.php(108): Dispatcher->dispatch(Object(CakeRequest), Object(CakeResponse))
#1 /var/www/balbuzard/index.php(41): require('/var/www/balbuz...')
#2 {main}
2014-12-01 23:29:56 Error: [MissingControllerException] Controller class PostsControllerController could not be found.
Exception Attributes: array (
  'class' => 'PostsControllerController',
  'plugin' => NULL,
)
Request URL: /balbuzard/index.php/PostsController/index
Stack Trace:
#0 /var/www/balbuzard/app/webroot/index.php(108): Dispatcher->dispatch(Object(CakeRequest), Object(CakeResponse))
#1 /var/www/balbuzard/index.php(41): require('/var/www/balbuz...')
#2 {main}
2014-12-01 23:32:06 Error: [MissingControllerException] Controller class PostsControllerController could not be found.
Exception Attributes: array (
  'class' => 'PostsControllerController',
  'plugin' => NULL,
)
Request URL: /balbuzard/index.php/PostsController/index
Stack Trace:
#0 /var/www/balbuzard/app/webroot/index.php(108): Dispatcher->dispatch(Object(CakeRequest), Object(CakeResponse))
#1 /var/www/balbuzard/index.php(41): require('/var/www/balbuz...')
#2 {main}
2014-12-01 23:32:40 Error: [MissingControllerException] Controller class PostsControllerController could not be found.
Exception Attributes: array (
  'class' => 'PostsControllerController',
  'plugin' => NULL,
)
Request URL: /balbuzard/index.php/PostsController/index
Stack Trace:
#0 /var/www/balbuzard/app/webroot/index.php(108): Dispatcher->dispatch(Object(CakeRequest), Object(CakeResponse))
#1 /var/www/balbuzard/index.php(41): require('/var/www/balbuz...')
#2 {main}
2014-12-01 23:32:43 Error: [MissingControllerException] Controller class PostsControllerController could not be found.
Exception Attributes: array (
  'class' => 'PostsControllerController',
  'plugin' => NULL,
)
Request URL: /balbuzard/index.php/PostsController/index
Stack Trace:
#0 /var/www/balbuzard/app/webroot/index.php(108): Dispatcher->dispatch(Object(CakeRequest), Object(CakeResponse))
#1 /var/www/balbuzard/index.php(41): require('/var/www/balbuz...')
#2 {main}
2014-12-01 23:35:27 Error: [MissingControllerException] Controller class PostsControllerController could not be found.
Exception Attributes: array (
  'class' => 'PostsControllerController',
  'plugin' => NULL,
)
Request URL: /balbuzard/index.php/PostsController/index
Stack Trace:
#0 /var/www/balbuzard/app/webroot/index.php(108): Dispatcher->dispatch(Object(CakeRequest), Object(CakeResponse))
#1 /var/www/balbuzard/index.php(41): require('/var/www/balbuz...')
#2 {main}
2014-12-01 23:35:29 Error: [MissingControllerException] Controller class PostsControllerController could not be found.
Exception Attributes: array (
  'class' => 'PostsControllerController',
  'plugin' => NULL,
)
Request URL: /balbuzard/index.php/PostsController/index
Stack Trace:
#0 /var/www/balbuzard/app/webroot/index.php(108): Dispatcher->dispatch(Object(CakeRequest), Object(CakeResponse))
#1 /var/www/balbuzard/index.php(41): require('/var/www/balbuz...')
#2 {main}
2014-12-01 23:35:36 Error: [MissingConnectionException] Database connection "Mysql" is missing, or could not be created.
Exception Attributes: array (
  'class' => 'Mysql',
  'message' => 'Selected driver is not enabled',
  'enabled' => false,
)
Request URL: /balbuzard/index.php/Posts/index
Stack Trace:
#0 /var/www/balbuzard/lib/Cake/Model/ConnectionManager.php(105): DboSource->__construct(Array)
#1 /var/www/balbuzard/lib/Cake/Model/Model.php(3539): ConnectionManager::getDataSource('default')
#2 /var/www/balbuzard/lib/Cake/Model/Model.php(1136): Model->setDataSource('default')
#3 /var/www/balbuzard/lib/Cake/Model/Model.php(3566): Model->setSource('posts')
#4 /var/www/balbuzard/lib/Cake/Model/Model.php(2947): Model->getDataSource()
#5 /var/www/balbuzard/lib/Cake/Model/Model.php(2919): Model->_readDataSource('all', Array)
#6 /var/www/balbuzard/app/Controller/PostsController.php(6): Model->find('all')
#7 [internal function]: PostsController->index()
#8 /var/www/balbuzard/lib/Cake/Controller/Controller.php(490): ReflectionMethod->invokeArgs(Object(PostsController), Array)
#9 /var/www/balbuzard/lib/Cake/Routing/Dispatcher.php(191): Controller->invokeAction(Object(CakeRequest))
#10 /var/www/balbuzard/lib/Cake/Routing/Dispatcher.php(165): Dispatcher->_invoke(Object(PostsController), Object(CakeRequest))
#11 /var/www/balbuzard/app/webroot/index.php(108): Dispatcher->dispatch(Object(CakeRequest), Object(CakeResponse))
#12 /var/www/balbuzard/index.php(41): require('/var/www/balbuz...')
#13 {main}
2014-12-01 23:38:01 Error: [MissingConnectionException] Database connection "Mysql" is missing, or could not be created.
Exception Attributes: array (
  'class' => 'Mysql',
  'message' => 'Selected driver is not enabled',
  'enabled' => false,
)
Request URL: /balbuzard/index.php/Posts/index
Stack Trace:
#0 /var/www/balbuzard/lib/Cake/Model/ConnectionManager.php(105): DboSource->__construct(Array)
#1 /var/www/balbuzard/lib/Cake/Model/Model.php(3539): ConnectionManager::getDataSource('default')
#2 /var/www/balbuzard/lib/Cake/Model/Model.php(1136): Model->setDataSource('default')
#3 /var/www/balbuzard/lib/Cake/Model/Model.php(3566): Model->setSource('posts')
#4 /var/www/balbuzard/lib/Cake/Model/Model.php(2947): Model->getDataSource()
#5 /var/www/balbuzard/lib/Cake/Model/Model.php(2919): Model->_readDataSource('all', Array)
#6 /var/www/balbuzard/app/Controller/PostsController.php(17): Model->find('all')
#7 [internal function]: PostsController->index()
#8 /var/www/balbuzard/lib/Cake/Controller/Controller.php(490): ReflectionMethod->invokeArgs(Object(PostsController), Array)
#9 /var/www/balbuzard/lib/Cake/Routing/Dispatcher.php(191): Controller->invokeAction(Object(CakeRequest))
#10 /var/www/balbuzard/lib/Cake/Routing/Dispatcher.php(165): Dispatcher->_invoke(Object(PostsController), Object(CakeRequest))
#11 /var/www/balbuzard/app/webroot/index.php(108): Dispatcher->dispatch(Object(CakeRequest), Object(CakeResponse))
#12 /var/www/balbuzard/index.php(41): require('/var/www/balbuz...')
#13 {main}
2014-12-01 23:40:52 Error: [MissingConnectionException] Database connection "Mysql" is missing, or could not be created.
Exception Attributes: array (
  'class' => 'Mysql',
  'message' => 'Selected driver is not enabled',
  'enabled' => false,
)
Request URL: /balbuzard/index.php/Posts/index
Stack Trace:
#0 /var/www/balbuzard/lib/Cake/Model/ConnectionManager.php(105): DboSource->__construct(Array)
#1 /var/www/balbuzard/lib/Cake/Model/Model.php(3539): ConnectionManager::getDataSource('default')
#2 /var/www/balbuzard/lib/Cake/Model/Model.php(1136): Model->setDataSource('default')
#3 /var/www/balbuzard/lib/Cake/Model/Model.php(3566): Model->setSource('posts')
#4 /var/www/balbuzard/lib/Cake/Model/Model.php(2947): Model->getDataSource()
#5 /var/www/balbuzard/lib/Cake/Model/Model.php(2919): Model->_readDataSource('all', Array)
#6 /var/www/balbuzard/app/Controller/PostsController.php(17): Model->find('all')
#7 [internal function]: PostsController->index()
#8 /var/www/balbuzard/lib/Cake/Controller/Controller.php(490): ReflectionMethod->invokeArgs(Object(PostsController), Array)
#9 /var/www/balbuzard/lib/Cake/Routing/Dispatcher.php(191): Controller->invokeAction(Object(CakeRequest))
#10 /var/www/balbuzard/lib/Cake/Routing/Dispatcher.php(165): Dispatcher->_invoke(Object(PostsController), Object(CakeRequest))
#11 /var/www/balbuzard/app/webroot/index.php(108): Dispatcher->dispatch(Object(CakeRequest), Object(CakeResponse))
#12 /var/www/balbuzard/index.php(41): require('/var/www/balbuz...')
#13 {main}
2014-12-01 23:40:54 Error: [MissingConnectionException] Database connection "Mysql" is missing, or could not be created.
Exception Attributes: array (
  'class' => 'Mysql',
  'message' => 'Selected driver is not enabled',
  'enabled' => false,
)
Request URL: /balbuzard/index.php/Posts/index
Stack Trace:
#0 /var/www/balbuzard/lib/Cake/Model/ConnectionManager.php(105): DboSource->__construct(Array)
#1 /var/www/balbuzard/lib/Cake/Model/Model.php(3539): ConnectionManager::getDataSource('default')
#2 /var/www/balbuzard/lib/Cake/Model/Model.php(1136): Model->setDataSource('default')
#3 /var/www/balbuzard/lib/Cake/Model/Model.php(3566): Model->setSource('posts')
#4 /var/www/balbuzard/lib/Cake/Model/Model.php(2947): Model->getDataSource()
#5 /var/www/balbuzard/lib/Cake/Model/Model.php(2919): Model->_readDataSource('all', Array)
#6 /var/www/balbuzard/app/Controller/PostsController.php(17): Model->find('all')
#7 [internal function]: PostsController->index()
#8 /var/www/balbuzard/lib/Cake/Controller/Controller.php(490): ReflectionMethod->invokeArgs(Object(PostsController), Array)
#9 /var/www/balbuzard/lib/Cake/Routing/Dispatcher.php(191): Controller->invokeAction(Object(CakeRequest))
#10 /var/www/balbuzard/lib/Cake/Routing/Dispatcher.php(165): Dispatcher->_invoke(Object(PostsController), Object(CakeRequest))
#11 /var/www/balbuzard/app/webroot/index.php(108): Dispatcher->dispatch(Object(CakeRequest), Object(CakeResponse))
#12 /var/www/balbuzard/index.php(41): require('/var/www/balbuz...')
#13 {main}
2014-12-01 23:46:48 Error: [MissingConnectionException] Database connection "Mysql" is missing, or could not be created.
Exception Attributes: array (
  'class' => 'Mysql',
  'message' => 'Selected driver is not enabled',
  'enabled' => false,
)
Request URL: /balbuzard/index.php/Posts/index
Stack Trace:
#0 /var/www/balbuzard/lib/Cake/Model/ConnectionManager.php(105): DboSource->__construct(Array)
#1 /var/www/balbuzard/lib/Cake/Model/Model.php(3539): ConnectionManager::getDataSource('default')
#2 /var/www/balbuzard/lib/Cake/Model/Model.php(1136): Model->setDataSource('default')
#3 /var/www/balbuzard/lib/Cake/Model/Model.php(3566): Model->setSource('posts')
#4 /var/www/balbuzard/lib/Cake/Model/Model.php(2947): Model->getDataSource()
#5 /var/www/balbuzard/lib/Cake/Model/Model.php(2919): Model->_readDataSource('all', Array)
#6 /var/www/balbuzard/app/Controller/PostsController.php(17): Model->find('all')
#7 [internal function]: PostsController->index()
#8 /var/www/balbuzard/lib/Cake/Controller/Controller.php(490): ReflectionMethod->invokeArgs(Object(PostsController), Array)
#9 /var/www/balbuzard/lib/Cake/Routing/Dispatcher.php(191): Controller->invokeAction(Object(CakeRequest))
#10 /var/www/balbuzard/lib/Cake/Routing/Dispatcher.php(165): Dispatcher->_invoke(Object(PostsController), Object(CakeRequest))
#11 /var/www/balbuzard/app/webroot/index.php(108): Dispatcher->dispatch(Object(CakeRequest), Object(CakeResponse))
#12 /var/www/balbuzard/index.php(41): require('/var/www/balbuz...')
#13 {main}
2014-12-01 23:46:50 Error: [MissingConnectionException] Database connection "Mysql" is missing, or could not be created.
Exception Attributes: array (
  'class' => 'Mysql',
  'message' => 'Selected driver is not enabled',
  'enabled' => false,
)
Request URL: /balbuzard/index.php/Posts/index
Stack Trace:
#0 /var/www/balbuzard/lib/Cake/Model/ConnectionManager.php(105): DboSource->__construct(Array)
#1 /var/www/balbuzard/lib/Cake/Model/Model.php(3539): ConnectionManager::getDataSource('default')
#2 /var/www/balbuzard/lib/Cake/Model/Model.php(1136): Model->setDataSource('default')
#3 /var/www/balbuzard/lib/Cake/Model/Model.php(3566): Model->setSource('posts')
#4 /var/www/balbuzard/lib/Cake/Model/Model.php(2947): Model->getDataSource()
#5 /var/www/balbuzard/lib/Cake/Model/Model.php(2919): Model->_readDataSource('all', Array)
#6 /var/www/balbuzard/app/Controller/PostsController.php(17): Model->find('all')
#7 [internal function]: PostsController->index()
#8 /var/www/balbuzard/lib/Cake/Controller/Controller.php(490): ReflectionMethod->invokeArgs(Object(PostsController), Array)
#9 /var/www/balbuzard/lib/Cake/Routing/Dispatcher.php(191): Controller->invokeAction(Object(CakeRequest))
#10 /var/www/balbuzard/lib/Cake/Routing/Dispatcher.php(165): Dispatcher->_invoke(Object(PostsController), Object(CakeRequest))
#11 /var/www/balbuzard/app/webroot/index.php(108): Dispatcher->dispatch(Object(CakeRequest), Object(CakeResponse))
#12 /var/www/balbuzard/index.php(41): require('/var/www/balbuz...')
#13 {main}
2014-12-01 23:51:06 Error: [MissingConnectionException] Database connection "Mysql" is missing, or could not be created.
Exception Attributes: array (
  'class' => 'Mysql',
  'message' => 'Selected driver is not enabled',
  'enabled' => false,
)
Request URL: /balbuzard/index.php/Posts/index
Stack Trace:
#0 /var/www/balbuzard/lib/Cake/Model/ConnectionManager.php(105): DboSource->__construct(Array)
#1 /var/www/balbuzard/lib/Cake/Model/Model.php(3539): ConnectionManager::getDataSource('default')
#2 /var/www/balbuzard/lib/Cake/Model/Model.php(1136): Model->setDataSource('default')
#3 /var/www/balbuzard/lib/Cake/Model/Model.php(3566): Model->setSource('posts')
#4 /var/www/balbuzard/lib/Cake/Model/Model.php(2947): Model->getDataSource()
#5 /var/www/balbuzard/lib/Cake/Model/Model.php(2919): Model->_readDataSource('all', Array)
#6 /var/www/balbuzard/app/Controller/PostsController.php(17): Model->find('all')
#7 [internal function]: PostsController->index()
#8 /var/www/balbuzard/lib/Cake/Controller/Controller.php(490): ReflectionMethod->invokeArgs(Object(PostsController), Array)
#9 /var/www/balbuzard/lib/Cake/Routing/Dispatcher.php(191): Controller->invokeAction(Object(CakeRequest))
#10 /var/www/balbuzard/lib/Cake/Routing/Dispatcher.php(165): Dispatcher->_invoke(Object(PostsController), Object(CakeRequest))
#11 /var/www/balbuzard/app/webroot/index.php(108): Dispatcher->dispatch(Object(CakeRequest), Object(CakeResponse))
#12 /var/www/balbuzard/index.php(41): require('/var/www/balbuz...')
#13 {main}
2014-12-01 23:56:00 Error: [MissingConnectionException] Database connection "Mysql" is missing, or could not be created.
Exception Attributes: array (
  'class' => 'Mysql',
  'message' => 'Selected driver is not enabled',
  'enabled' => false,
)
Request URL: /balbuzard/index.php/Posts/index
Stack Trace:
#0 /var/www/balbuzard/lib/Cake/Model/ConnectionManager.php(105): DboSource->__construct(Array)
#1 /var/www/balbuzard/lib/Cake/Model/Model.php(3539): ConnectionManager::getDataSource('default')
#2 /var/www/balbuzard/lib/Cake/Model/Model.php(1136): Model->setDataSource('default')
#3 /var/www/balbuzard/lib/Cake/Model/Model.php(3566): Model->setSource('posts')
#4 /var/www/balbuzard/lib/Cake/Model/Model.php(2947): Model->getDataSource()
#5 /var/www/balbuzard/lib/Cake/Model/Model.php(2919): Model->_readDataSource('all', Array)
#6 /var/www/balbuzard/app/Controller/PostsController.php(17): Model->find('all')
#7 [internal function]: PostsController->index()
#8 /var/www/balbuzard/lib/Cake/Controller/Controller.php(490): ReflectionMethod->invokeArgs(Object(PostsController), Array)
#9 /var/www/balbuzard/lib/Cake/Routing/Dispatcher.php(191): Controller->invokeAction(Object(CakeRequest))
#10 /var/www/balbuzard/lib/Cake/Routing/Dispatcher.php(165): Dispatcher->_invoke(Object(PostsController), Object(CakeRequest))
#11 /var/www/balbuzard/app/webroot/index.php(108): Dispatcher->dispatch(Object(CakeRequest), Object(CakeResponse))
#12 /var/www/balbuzard/index.php(41): require('/var/www/balbuz...')
#13 {main}
2014-12-01 23:57:06 Error: [MissingConnectionException] Database connection "Mysql" is missing, or could not be created.
Exception Attributes: array (
  'class' => 'Mysql',
  'message' => 'Selected driver is not enabled',
  'enabled' => false,
)
Request URL: /balbuzard/index.php/Posts/index
Stack Trace:
#0 /var/www/balbuzard/lib/Cake/Model/ConnectionManager.php(105): DboSource->__construct(Array)
#1 /var/www/balbuzard/lib/Cake/Model/Model.php(3539): ConnectionManager::getDataSource('default')
#2 /var/www/balbuzard/lib/Cake/Model/Model.php(1136): Model->setDataSource('default')
#3 /var/www/balbuzard/lib/Cake/Model/Model.php(3566): Model->setSource('posts')
#4 /var/www/balbuzard/lib/Cake/Model/Model.php(2947): Model->getDataSource()
#5 /var/www/balbuzard/lib/Cake/Model/Model.php(2919): Model->_readDataSource('all', Array)
#6 /var/www/balbuzard/app/Controller/PostsController.php(17): Model->find('all')
#7 [internal function]: PostsController->index()
#8 /var/www/balbuzard/lib/Cake/Controller/Controller.php(490): ReflectionMethod->invokeArgs(Object(PostsController), Array)
#9 /var/www/balbuzard/lib/Cake/Routing/Dispatcher.php(191): Controller->invokeAction(Object(CakeRequest))
#10 /var/www/balbuzard/lib/Cake/Routing/Dispatcher.php(165): Dispatcher->_invoke(Object(PostsController), Object(CakeRequest))
#11 /var/www/balbuzard/app/webroot/index.php(108): Dispatcher->dispatch(Object(CakeRequest), Object(CakeResponse))
#12 /var/www/balbuzard/index.php(41): require('/var/www/balbuz...')
#13 {main}
2014-12-01 23:57:09 Error: [MissingConnectionException] Database connection "Mysql" is missing, or could not be created.
Exception Attributes: array (
  'class' => 'Mysql',
  'message' => 'Selected driver is not enabled',
  'enabled' => false,
)
Request URL: /balbuzard/index.php/Posts/index
Stack Trace:
#0 /var/www/balbuzard/lib/Cake/Model/ConnectionManager.php(105): DboSource->__construct(Array)
#1 /var/www/balbuzard/lib/Cake/Model/Model.php(3539): ConnectionManager::getDataSource('default')
#2 /var/www/balbuzard/lib/Cake/Model/Model.php(1136): Model->setDataSource('default')
#3 /var/www/balbuzard/lib/Cake/Model/Model.php(3566): Model->setSource('posts')
#4 /var/www/balbuzard/lib/Cake/Model/Model.php(2947): Model->getDataSource()
#5 /var/www/balbuzard/lib/Cake/Model/Model.php(2919): Model->_readDataSource('all', Array)
#6 /var/www/balbuzard/app/Controller/PostsController.php(17): Model->find('all')
#7 [internal function]: PostsController->index()
#8 /var/www/balbuzard/lib/Cake/Controller/Controller.php(490): ReflectionMethod->invokeArgs(Object(PostsController), Array)
#9 /var/www/balbuzard/lib/Cake/Routing/Dispatcher.php(191): Controller->invokeAction(Object(CakeRequest))
#10 /var/www/balbuzard/lib/Cake/Routing/Dispatcher.php(165): Dispatcher->_invoke(Object(PostsController), Object(CakeRequest))
#11 /var/www/balbuzard/app/webroot/index.php(108): Dispatcher->dispatch(Object(CakeRequest), Object(CakeResponse))
#12 /var/www/balbuzard/index.php(41): require('/var/www/balbuz...')
#13 {main}
2014-12-01 23:58:40 Error: [MissingConnectionException] Database connection "Mysql" is missing, or could not be created.
Exception Attributes: array (
  'class' => 'Mysql',
  'message' => 'Selected driver is not enabled',
  'enabled' => false,
)
Request URL: /balbuzard/index.php/Posts/index
Stack Trace:
#0 /var/www/balbuzard/lib/Cake/Model/ConnectionManager.php(105): DboSource->__construct(Array)
#1 /var/www/balbuzard/lib/Cake/Model/Model.php(3539): ConnectionManager::getDataSource('default')
#2 /var/www/balbuzard/lib/Cake/Model/Model.php(1136): Model->setDataSource('default')
#3 /var/www/balbuzard/lib/Cake/Model/Model.php(3566): Model->setSource('posts')
#4 /var/www/balbuzard/lib/Cake/Model/Model.php(2947): Model->getDataSource()
#5 /var/www/balbuzard/lib/Cake/Model/Model.php(2919): Model->_readDataSource('all', Array)
#6 /var/www/balbuzard/app/Controller/PostsController.php(17): Model->find('all')
#7 [internal function]: PostsController->index()
#8 /var/www/balbuzard/lib/Cake/Controller/Controller.php(490): ReflectionMethod->invokeArgs(Object(PostsController), Array)
#9 /var/www/balbuzard/lib/Cake/Routing/Dispatcher.php(191): Controller->invokeAction(Object(CakeRequest))
#10 /var/www/balbuzard/lib/Cake/Routing/Dispatcher.php(165): Dispatcher->_invoke(Object(PostsController), Object(CakeRequest))
#11 /var/www/balbuzard/app/webroot/index.php(108): Dispatcher->dispatch(Object(CakeRequest), Object(CakeResponse))
#12 /var/www/balbuzard/index.php(41): require('/var/www/balbuz...')
#13 {main}
2014-12-01 23:58:42 Error: [MissingConnectionException] Database connection "Mysql" is missing, or could not be created.
Exception Attributes: array (
  'class' => 'Mysql',
  'message' => 'Selected driver is not enabled',
  'enabled' => false,
)
Request URL: /balbuzard/index.php/Posts/index
Stack Trace:
#0 /var/www/balbuzard/lib/Cake/Model/ConnectionManager.php(105): DboSource->__construct(Array)
#1 /var/www/balbuzard/lib/Cake/Model/Model.php(3539): ConnectionManager::getDataSource('default')
#2 /var/www/balbuzard/lib/Cake/Model/Model.php(1136): Model->setDataSource('default')
#3 /var/www/balbuzard/lib/Cake/Model/Model.php(3566): Model->setSource('posts')
#4 /var/www/balbuzard/lib/Cake/Model/Model.php(2947): Model->getDataSource()
#5 /var/www/balbuzard/lib/Cake/Model/Model.php(2919): Model->_readDataSource('all', Array)
#6 /var/www/balbuzard/app/Controller/PostsController.php(17): Model->find('all')
#7 [internal function]: PostsController->index()
#8 /var/www/balbuzard/lib/Cake/Controller/Controller.php(490): ReflectionMethod->invokeArgs(Object(PostsController), Array)
#9 /var/www/balbuzard/lib/Cake/Routing/Dispatcher.php(191): Controller->invokeAction(Object(CakeRequest))
#10 /var/www/balbuzard/lib/Cake/Routing/Dispatcher.php(165): Dispatcher->_invoke(Object(PostsController), Object(CakeRequest))
#11 /var/www/balbuzard/app/webroot/index.php(108): Dispatcher->dispatch(Object(CakeRequest), Object(CakeResponse))
#12 /var/www/balbuzard/index.php(41): require('/var/www/balbuz...')
#13 {main}
2014-12-02 00:00:29 Error: [MissingConnectionException] Database connection "Mysql" is missing, or could not be created.
Exception Attributes: array (
  'class' => 'Mysql',
  'message' => 'SQLSTATE[28000] [1045] Access denied for user \'root\'@\'localhost\' (using password: YES)',
  'enabled' => true,
)
Request URL: /balbuzard/index.php/Posts/index
Stack Trace:
#0 /var/www/balbuzard/lib/Cake/Model/Datasource/DboSource.php(260): Mysql->connect()
#1 /var/www/balbuzard/lib/Cake/Model/ConnectionManager.php(105): DboSource->__construct(Array)
#2 /var/www/balbuzard/lib/Cake/Model/Model.php(3539): ConnectionManager::getDataSource('default')
#3 /var/www/balbuzard/lib/Cake/Model/Model.php(1136): Model->setDataSource('default')
#4 /var/www/balbuzard/lib/Cake/Model/Model.php(3566): Model->setSource('posts')
#5 /var/www/balbuzard/lib/Cake/Model/Model.php(2947): Model->getDataSource()
#6 /var/www/balbuzard/lib/Cake/Model/Model.php(2919): Model->_readDataSource('all', Array)
#7 /var/www/balbuzard/app/Controller/PostsController.php(17): Model->find('all')
#8 [internal function]: PostsController->index()
#9 /var/www/balbuzard/lib/Cake/Controller/Controller.php(490): ReflectionMethod->invokeArgs(Object(PostsController), Array)
#10 /var/www/balbuzard/lib/Cake/Routing/Dispatcher.php(191): Controller->invokeAction(Object(CakeRequest))
#11 /var/www/balbuzard/lib/Cake/Routing/Dispatcher.php(165): Dispatcher->_invoke(Object(PostsController), Object(CakeRequest))
#12 /var/www/balbuzard/app/webroot/index.php(108): Dispatcher->dispatch(Object(CakeRequest), Object(CakeResponse))
#13 /var/www/balbuzard/index.php(41): require('/var/www/balbuz...')
#14 {main}
2014-12-02 00:01:51 Error: [MissingConnectionException] Database connection "Mysql" is missing, or could not be created.
Exception Attributes: array (
  'class' => 'Mysql',
  'message' => 'SQLSTATE[28000] [1045] Access denied for user \'root\'@\'localhost\' (using password: YES)',
  'enabled' => true,
)
Request URL: /balbuzard/index.php/Posts/index
Stack Trace:
#0 /var/www/balbuzard/lib/Cake/Model/Datasource/DboSource.php(260): Mysql->connect()
#1 /var/www/balbuzard/lib/Cake/Model/ConnectionManager.php(105): DboSource->__construct(Array)
#2 /var/www/balbuzard/lib/Cake/Model/Model.php(3539): ConnectionManager::getDataSource('default')
#3 /var/www/balbuzard/lib/Cake/Model/Model.php(1136): Model->setDataSource('default')
#4 /var/www/balbuzard/lib/Cake/Model/Model.php(3566): Model->setSource('posts')
#5 /var/www/balbuzard/lib/Cake/Model/Model.php(2947): Model->getDataSource()
#6 /var/www/balbuzard/lib/Cake/Model/Model.php(2919): Model->_readDataSource('all', Array)
#7 /var/www/balbuzard/app/Controller/PostsController.php(17): Model->find('all')
#8 [internal function]: PostsController->index()
#9 /var/www/balbuzard/lib/Cake/Controller/Controller.php(490): ReflectionMethod->invokeArgs(Object(PostsController), Array)
#10 /var/www/balbuzard/lib/Cake/Routing/Dispatcher.php(191): Controller->invokeAction(Object(CakeRequest))
#11 /var/www/balbuzard/lib/Cake/Routing/Dispatcher.php(165): Dispatcher->_invoke(Object(PostsController), Object(CakeRequest))
#12 /var/www/balbuzard/app/webroot/index.php(108): Dispatcher->dispatch(Object(CakeRequest), Object(CakeResponse))
#13 /var/www/balbuzard/index.php(41): require('/var/www/balbuz...')
#14 {main}
2014-12-02 00:02:28 Error: [MissingViewException] View file "/var/www/balbuzard/app/View/Posts/index.ctp" is missing.
Exception Attributes: array (
  'file' => '/var/www/balbuzard/app/View/Posts/index.ctp',
)
Request URL: /balbuzard/index.php/Posts/index
Stack Trace:
#0 /var/www/balbuzard/lib/Cake/View/View.php(468): View->_getViewFileName(NULL)
#1 /var/www/balbuzard/lib/Cake/Controller/Controller.php(954): View->render(NULL, NULL)
#2 /var/www/balbuzard/lib/Cake/Routing/Dispatcher.php(198): Controller->render()
#3 /var/www/balbuzard/lib/Cake/Routing/Dispatcher.php(165): Dispatcher->_invoke(Object(PostsController), Object(CakeRequest))
#4 /var/www/balbuzard/app/webroot/index.php(108): Dispatcher->dispatch(Object(CakeRequest), Object(CakeResponse))
#5 /var/www/balbuzard/index.php(41): require('/var/www/balbuz...')
#6 {main}
2014-12-02 00:58:06 Error: [MissingControllerException] Controller class PostsController could not be found.
Exception Attributes: array (
  'class' => 'PostsController',
  'plugin' => NULL,
)
Request URL: /balbuzard/index.php/Posts/index
Stack Trace:
#0 /var/www/balbuzard/app/webroot/index.php(108): Dispatcher->dispatch(Object(CakeRequest), Object(CakeResponse))
#1 /var/www/balbuzard/index.php(41): require('/var/www/balbuz...')
#2 {main}
2014-12-02 00:58:16 Error: [MissingControllerException] Controller class UserController could not be found.
Exception Attributes: array (
  'class' => 'UserController',
  'plugin' => NULL,
)
Request URL: /balbuzard/index.php/User
Stack Trace:
#0 /var/www/balbuzard/app/webroot/index.php(108): Dispatcher->dispatch(Object(CakeRequest), Object(CakeResponse))
#1 /var/www/balbuzard/index.php(41): require('/var/www/balbuz...')
#2 {main}
2014-12-02 00:58:21 Error: Fatal Error (1): Call to a member function find() on a non-object in [/var/www/balbuzard/app/Controller/UsersController.php, line 6]
2014-12-02 00:58:21 Error: [FatalErrorException] Call to a member function find() on a non-object
Request URL: /balbuzard/index.php/Users
Stack Trace:
#0 /var/www/balbuzard/lib/Cake/Error/ErrorHandler.php(203): ErrorHandler::handleFatalError(1, 'Call to a membe...', '/var/www/balbuz...', 6)
#1 [internal function]: ErrorHandler::handleError(1, 'Call to a membe...', '/var/www/balbuz...', 6, Array)
#2 /var/www/balbuzard/lib/Cake/Core/App.php(931): call_user_func('ErrorHandler::h...', 1, 'Call to a membe...', '/var/www/balbuz...', 6, Array)
#3 /var/www/balbuzard/lib/Cake/Core/App.php(904): App::_checkFatalError()
#4 [internal function]: App::shutdown()
#5 {main}
2014-12-02 00:58:45 Error: [MissingViewException] View file "/var/www/balbuzard/app/View/Users/index.ctp" is missing.
Exception Attributes: array (
  'file' => '/var/www/balbuzard/app/View/Users/index.ctp',
)
Request URL: /balbuzard/index.php/Users
Stack Trace:
#0 /var/www/balbuzard/lib/Cake/View/View.php(468): View->_getViewFileName(NULL)
#1 /var/www/balbuzard/lib/Cake/Controller/Controller.php(954): View->render(NULL, NULL)
#2 /var/www/balbuzard/lib/Cake/Routing/Dispatcher.php(198): Controller->render()
#3 /var/www/balbuzard/lib/Cake/Routing/Dispatcher.php(165): Dispatcher->_invoke(Object(UsersController), Object(CakeRequest))
#4 /var/www/balbuzard/app/webroot/index.php(108): Dispatcher->dispatch(Object(CakeRequest), Object(CakeResponse))
#5 /var/www/balbuzard/index.php(41): require('/var/www/balbuz...')
#6 {main}
2014-12-02 01:03:34 Error: [MissingActionException] Action UsersController::view() could not be found.
Exception Attributes: array (
  'controller' => 'UsersController',
  'action' => 'view',
)
Request URL: /balbuzard/index.php/users/view/1
Stack Trace:
#0 /var/www/balbuzard/lib/Cake/Routing/Dispatcher.php(191): Controller->invokeAction(Object(CakeRequest))
#1 /var/www/balbuzard/lib/Cake/Routing/Dispatcher.php(165): Dispatcher->_invoke(Object(UsersController), Object(CakeRequest))
#2 /var/www/balbuzard/app/webroot/index.php(108): Dispatcher->dispatch(Object(CakeRequest), Object(CakeResponse))
#3 /var/www/balbuzard/index.php(41): require('/var/www/balbuz...')
#4 {main}
2014-12-02 12:15:55 Error: [MissingControllerException] Controller class BalbuzardController could not be found.
Exception Attributes: array (
  'class' => 'BalbuzardController',
  'plugin' => NULL,
)
Request URL: /balbuzard/balbuzard/balbuzard/index.php/balbuzard/balbuzard/balbuzard/
Stack Trace:
#0 C:\wamp\www\balbuzard\balbuzard\balbuzard\app\webroot\index.php(108): Dispatcher->dispatch(Object(CakeRequest), Object(CakeResponse))
#1 C:\wamp\www\balbuzard\balbuzard\balbuzard\index.php(41): require('C:\\wamp\\www\\bal...')
#2 {main}
2014-12-02 12:16:24 Error: [MissingControllerException] Controller class BalbuzardController could not be found.
Exception Attributes: array (
  'class' => 'BalbuzardController',
  'plugin' => NULL,
)
Request URL: /balbuzard/balbuzard/balbuzard/index.php/balbuzard/balbuzard/balbuzard/
Stack Trace:
#0 C:\wamp\www\balbuzard\balbuzard\balbuzard\app\webroot\index.php(108): Dispatcher->dispatch(Object(CakeRequest), Object(CakeResponse))
#1 C:\wamp\www\balbuzard\balbuzard\balbuzard\index.php(41): require('C:\\wamp\\www\\bal...')
#2 {main}
2014-12-02 12:16:38 Error: [MissingControllerException] Controller class BalbuzardController could not be found.
Exception Attributes: array (
  'class' => 'BalbuzardController',
  'plugin' => NULL,
)
Request URL: /balbuzard/balbuzard/balbuzard/index.php/balbuzard/balbuzard/balbuzard/
Stack Trace:
#0 C:\wamp\www\balbuzard\balbuzard\balbuzard\app\webroot\index.php(108): Dispatcher->dispatch(Object(CakeRequest), Object(CakeResponse))
#1 C:\wamp\www\balbuzard\balbuzard\balbuzard\index.php(41): require('C:\\wamp\\www\\bal...')
#2 {main}
2014-12-02 13:40:11 Error: [MissingControllerException] Controller class CakephpController could not be found.
Exception Attributes: array (
  'class' => 'CakephpController',
  'plugin' => NULL,
)
Request URL: /index.php/cakephp/
Stack Trace:
#0 /var/www/app/webroot/index.php(108): Dispatcher->dispatch(Object(CakeRequest), Object(CakeResponse))
#1 /var/www/index.php(41): require('/var/www/app/we...')
#2 {main}
2014-12-02 13:40:11 Error: [MissingControllerException] Controller class BalbuzardController could not be found.
Exception Attributes: array (
  'class' => 'BalbuzardController',
  'plugin' => NULL,
)
Request URL: /index.php/balbuzard/index.php/Users
Stack Trace:
#0 /var/www/app/webroot/index.php(108): Dispatcher->dispatch(Object(CakeRequest), Object(CakeResponse))
#1 /var/www/index.php(41): require('/var/www/app/we...')
#2 {main}
2014-12-02 13:40:11 Error: [MissingControllerException] Controller class BalbuzardController could not be found.
Exception Attributes: array (
  'class' => 'BalbuzardController',
  'plugin' => NULL,
)
Request URL: /index.php/balbuzard/index.php/Posts/index
Stack Trace:
#0 /var/www/app/webroot/index.php(108): Dispatcher->dispatch(Object(CakeRequest), Object(CakeResponse))
#1 /var/www/index.php(41): require('/var/www/app/we...')
#2 {main}
2014-12-02 13:40:12 Error: [MissingControllerException] Controller class BalbuzardController could not be found.
Exception Attributes: array (
  'class' => 'BalbuzardController',
  'plugin' => NULL,
)
Request URL: /index.php/Balbuzard/
Stack Trace:
#0 /var/www/app/webroot/index.php(108): Dispatcher->dispatch(Object(CakeRequest), Object(CakeResponse))
#1 /var/www/index.php(41): require('/var/www/app/we...')
#2 {main}
2014-12-02 14:22:58 Error: [MissingControllerException] Controller class BalbuzardController could not be found.
Exception Attributes: array (
  'class' => 'BalbuzardController',
  'plugin' => NULL,
)
Request URL: /index.php/balbuzard/index.php/Users
Stack Trace:
#0 /var/www/app/webroot/index.php(108): Dispatcher->dispatch(Object(CakeRequest), Object(CakeResponse))
#1 /var/www/index.php(41): require('/var/www/app/we...')
#2 {main}
2014-12-02 14:26:37 Error: Fatal Error (1): Call to undefined method View::_introspectModel() in [/var/www/lib/Cake/View/Helper/FormHelper.php, line 354]
2014-12-02 14:26:37 Error: [FatalErrorException] Call to undefined method View::_introspectModel()
Request URL: /index.php/Users/connexion
Stack Trace:
#0 /var/www/lib/Cake/Error/ErrorHandler.php(203): ErrorHandler::handleFatalError(1, 'Call to undefin...', '/var/www/lib/Ca...', 354)
#1 [internal function]: ErrorHandler::handleError(1, 'Call to undefin...', '/var/www/lib/Ca...', 354, Array)
#2 /var/www/lib/Cake/Core/App.php(931): call_user_func('ErrorHandler::h...', 1, 'Call to undefin...', '/var/www/lib/Ca...', 354, Array)
#3 /var/www/lib/Cake/Core/App.php(904): App::_checkFatalError()
#4 [internal function]: App::shutdown()
#5 {main}
2014-12-02 14:33:54 Error: [MissingActionException] Action UsersController::connexion7() could not be found.
Exception Attributes: array (
  'controller' => 'UsersController',
  'action' => 'connexion7',
)
Request URL: /index.php/Users/connexion7
Stack Trace:
#0 /var/www/lib/Cake/Routing/Dispatcher.php(191): Controller->invokeAction(Object(CakeRequest))
#1 /var/www/lib/Cake/Routing/Dispatcher.php(165): Dispatcher->_invoke(Object(UsersController), Object(CakeRequest))
#2 /var/www/app/webroot/index.php(108): Dispatcher->dispatch(Object(CakeRequest), Object(CakeResponse))
#3 /var/www/index.php(41): require('/var/www/app/we...')
#4 {main}
2014-12-02 14:38:32 Error: Fatal Error (1): Call to a member function create() on a non-object in [/var/www/app/View/Users/connexion.ctp, line 4]
2014-12-02 14:38:32 Error: [FatalErrorException] Call to a member function create() on a non-object
Request URL: /index.php/Users/connexion
Stack Trace:
#0 /var/www/lib/Cake/Error/ErrorHandler.php(203): ErrorHandler::handleFatalError(1, 'Call to a membe...', '/var/www/app/Vi...', 4)
#1 [internal function]: ErrorHandler::handleError(1, 'Call to a membe...', '/var/www/app/Vi...', 4, Array)
#2 /var/www/lib/Cake/Core/App.php(931): call_user_func('ErrorHandler::h...', 1, 'Call to a membe...', '/var/www/app/Vi...', 4, Array)
#3 /var/www/lib/Cake/Core/App.php(904): App::_checkFatalError()
#4 [internal function]: App::shutdown()
#5 {main}
2014-12-02 14:44:41 Error: [MissingControllerException] Controller class ConnexionController could not be found.
Exception Attributes: array (
  'class' => 'ConnexionController',
  'plugin' => NULL,
)
Request URL: /index.php/connexion
Stack Trace:
#0 /var/www/app/webroot/index.php(108): Dispatcher->dispatch(Object(CakeRequest), Object(CakeResponse))
#1 /var/www/index.php(41): require('/var/www/app/we...')
#2 {main}
2014-12-02 14:44:49 Error: Fatal Error (1): Call to undefined function printr() in [/var/www/app/Controller/UsersController.php, line 11]
2014-12-02 14:44:49 Error: [FatalErrorException] Call to undefined function printr()
Request URL: /index.php/Users/connexion
Stack Trace:
#0 /var/www/lib/Cake/Error/ErrorHandler.php(203): ErrorHandler::handleFatalError(1, 'Call to undefin...', '/var/www/app/Co...', 11)
#1 [internal function]: ErrorHandler::handleError(1, 'Call to undefin...', '/var/www/app/Co...', 11, Array)
#2 /var/www/lib/Cake/Core/App.php(931): call_user_func('ErrorHandler::h...', 1, 'Call to undefin...', '/var/www/app/Co...', 11, Array)
#3 /var/www/lib/Cake/Core/App.php(904): App::_checkFatalError()
#4 [internal function]: App::shutdown()
#5 {main}
